Regression object...
Creating regression obj for: 'wav2letter_modified'
Reading cached results...!
Computing results for session-191113.0
	 - Layer=11
Compute kde (results not cached already)...!
Loading ANN features at bin-width: 20
Creating new dataset object for session-191113...
Compute kde (results not cached already)...!
Compute kde (results not cached already)...!
Compute kde (results not cached already)...!
Compute kde (results not cached already)...!
Compute kde (results not cached already)...!
Compute kde (results not cached already)...!
Compute kde (results not cached already)...!
Compute kde (results not cached already)...!
Compute kde (results not cached already)...!
Compute kde (results not cached already)...!
Compute kde (results not cached already)...!
Compute kde (results not cached already)...!
Compute kde (results not cached already)...!
Compute kde (results not cached already)...!
Compute kde (results not cached already)...!
Compute kde (results not cached already)...!
Compute kde (results not cached already)...!
Compute kde (results not cached already)...!
Compute kde (results not cached already)...!
Compute kde (results not cached already)...!
Compute kde (results not cached already)...!
Compute kde (results not cached already)...!
Compute kde (results not cached already)...!
Compute kde (results not cached already)...!
Compute kde (results not cached already)...!
Compute kde (results not cached already)...!
Compute kde (results not cached already)...!
Compute kde (results not cached already)...!
Compute kde (results not cached already)...!
Compute kde (results not cached already)...!
Compute kde (results not cached already)...!
Compute kde (results not cached already)...!
Compute kde (results not cached already)...!
Compute kde (results not cached already)...!
Compute kde (results not cached already)...!
Compute kde (results not cached already)...!
Compute kde (results not cached already)...!
Compute kde (results not cached already)...!
Compute kde (results not cached already)...!
Compute kde (results not cached already)...!
Compute kde (results not cached already)...!
Compute kde (results not cached already)...!
Compute kde (results not cached already)...!
Compute kde (results not cached already)...!
Compute kde (results not cached already)...!
Compute kde (results not cached already)...!
Compute kde (results not cached already)...!
Compute kde (results not cached already)...!
Compute kde (results not cached already)...!
Compute kde (results not cached already)...!
Compute kde (results not cached already)...!
Compute kde (results not cached already)...!
Compute kde (results not cached already)...!
Compute kde (results not cached already)...!
Compute kde (results not cached already)...!
Compute kde (results not cached already)...!
Compute kde (results not cached already)...!
Compute kde (results not cached already)...!
Computing results for session-191125.0
	 - Layer=11
Compute kde (results not cached already)...!
Creating new dataset object for session-191125...
Compute kde (results not cached already)...!
Compute kde (results not cached already)...!
Compute kde (results not cached already)...!
Compute kde (results not cached already)...!
Compute kde (results not cached already)...!
Compute kde (results not cached already)...!
Compute kde (results not cached already)...!
Compute kde (results not cached already)...!
Compute kde (results not cached already)...!
Compute kde (results not cached already)...!
Compute kde (results not cached already)...!
Compute kde (results not cached already)...!
Compute kde (results not cached already)...!
Compute kde (results not cached already)...!
Compute kde (results not cached already)...!
Compute kde (results not cached already)...!
Compute kde (results not cached already)...!
Compute kde (results not cached already)...!
Compute kde (results not cached already)...!
Compute kde (results not cached already)...!
Compute kde (results not cached already)...!
Compute kde (results not cached already)...!
Compute kde (results not cached already)...!
Compute kde (results not cached already)...!
Compute kde (results not cached already)...!
Compute kde (results not cached already)...!
Compute kde (results not cached already)...!
Compute kde (results not cached already)...!
Compute kde (results not cached already)...!
Compute kde (results not cached already)...!
Compute kde (results not cached already)...!
Compute kde (results not cached already)...!
Compute kde (results not cached already)...!
Compute kde (results not cached already)...!
Compute kde (results not cached already)...!
Compute kde (results not cached already)...!
Compute kde (results not cached already)...!
Compute kde (results not cached already)...!
Compute kde (results not cached already)...!
Compute kde (results not cached already)...!
Compute kde (results not cached already)...!
Compute kde (results not cached already)...!
Compute kde (results not cached already)...!
Compute kde (results not cached already)...!
Compute kde (results not cached already)...!
Compute kde (results not cached already)...!
Compute kde (results not cached already)...!
Compute kde (results not cached already)...!
Compute kde (results not cached already)...!
Compute kde (results not cached already)...!
Compute kde (results not cached already)...!
Compute kde (results not cached already)...!
Compute kde (results not cached already)...!
Compute kde (results not cached already)...!
Compute kde (results not cached already)...!
Compute kde (results not cached already)...!
Compute kde (results not cached already)...!
Compute kde (results not cached already)...!
Computing results for session-180731.0
	 - Layer=11
Compute kde (results not cached already)...!
Creating new dataset object for session-180731...
Compute kde (results not cached already)...!
Compute kde (results not cached already)...!
Compute kde (results not cached already)...!
Compute kde (results not cached already)...!
Compute kde (results not cached already)...!
Compute kde (results not cached already)...!
Compute kde (results not cached already)...!
Compute kde (results not cached already)...!
Compute kde (results not cached already)...!
Compute kde (results not cached already)...!
Compute kde (results not cached already)...!
Compute kde (results not cached already)...!
Compute kde (results not cached already)...!
Compute kde (results not cached already)...!
Computing results for session-200207.0
	 - Layer=11
Compute kde (results not cached already)...!
Creating new dataset object for session-200207...
Compute kde (results not cached already)...!
Compute kde (results not cached already)...!
Compute kde (results not cached already)...!
Compute kde (results not cached already)...!
Compute kde (results not cached already)...!
Compute kde (results not cached already)...!
Compute kde (results not cached already)...!
Compute kde (results not cached already)...!
Compute kde (results not cached already)...!
Compute kde (results not cached already)...!
Compute kde (results not cached already)...!
Compute kde (results not cached already)...!
Compute kde (results not cached already)...!
Compute kde (results not cached already)...!
Compute kde (results not cached already)...!
Compute kde (results not cached already)...!
Compute kde (results not cached already)...!
Compute kde (results not cached already)...!
Compute kde (results not cached already)...!
Compute kde (results not cached already)...!
Compute kde (results not cached already)...!
Compute kde (results not cached already)...!
Compute kde (results not cached already)...!
Compute kde (results not cached already)...!
Compute kde (results not cached already)...!
Compute kde (results not cached already)...!
Compute kde (results not cached already)...!
Compute kde (results not cached already)...!
Compute kde (results not cached already)...!
Compute kde (results not cached already)...!
Compute kde (results not cached already)...!
Compute kde (results not cached already)...!
Compute kde (results not cached already)...!
Compute kde (results not cached already)...!
Compute kde (results not cached already)...!
Compute kde (results not cached already)...!
Compute kde (results not cached already)...!
Compute kde (results not cached already)...!
Compute kde (results not cached already)...!
Compute kde (results not cached already)...!
Compute kde (results not cached already)...!
Compute kde (results not cached already)...!
Compute kde (results not cached already)...!
Compute kde (results not cached already)...!
Compute kde (results not cached already)...!
Compute kde (results not cached already)...!
Compute kde (results not cached already)...!
Compute kde (results not cached already)...!
Compute kde (results not cached already)...!
Compute kde (results not cached already)...!
Compute kde (results not cached already)...!
Compute kde (results not cached already)...!
Compute kde (results not cached already)...!
Compute kde (results not cached already)...!
Compute kde (results not cached already)...!
Compute kde (results not cached already)...!
Compute kde (results not cached already)...!
Compute kde (results not cached already)...!
Compute kde (results not cached already)...!
Compute kde (results not cached already)...!
Computing results for session-180720.0
	 - Layer=11
Compute kde (results not cached already)...!
Creating new dataset object for session-180720...
Compute kde (results not cached already)...!
Compute kde (results not cached already)...!
Compute kde (results not cached already)...!
Compute kde (results not cached already)...!
Compute kde (results not cached already)...!
Compute kde (results not cached already)...!
Compute kde (results not cached already)...!
Compute kde (results not cached already)...!
Compute kde (results not cached already)...!
Compute kde (results not cached already)...!
Compute kde (results not cached already)...!
Compute kde (results not cached already)...!
Compute kde (results not cached already)...!
Compute kde (results not cached already)...!
Computing results for session-180807.0
	 - Layer=11
Compute kde (results not cached already)...!
Creating new dataset object for session-180807...
Compute kde (results not cached already)...!
Compute kde (results not cached already)...!
Compute kde (results not cached already)...!
Compute kde (results not cached already)...!
Compute kde (results not cached already)...!
Compute kde (results not cached already)...!
Compute kde (results not cached already)...!
Compute kde (results not cached already)...!
Compute kde (results not cached already)...!
Compute kde (results not cached already)...!
Compute kde (results not cached already)...!
Compute kde (results not cached already)...!
Compute kde (results not cached already)...!
Compute kde (results not cached already)...!
Computing results for session-191206.0
	 - Layer=11
Compute kde (results not cached already)...!
Creating new dataset object for session-191206...
Compute kde (results not cached already)...!
Compute kde (results not cached already)...!
Compute kde (results not cached already)...!
Compute kde (results not cached already)...!
Compute kde (results not cached already)...!
Compute kde (results not cached already)...!
Compute kde (results not cached already)...!
Compute kde (results not cached already)...!
Compute kde (results not cached already)...!
Compute kde (results not cached already)...!
Compute kde (results not cached already)...!
Compute kde (results not cached already)...!
Compute kde (results not cached already)...!
Compute kde (results not cached already)...!
Compute kde (results not cached already)...!
Compute kde (results not cached already)...!
Compute kde (results not cached already)...!
Compute kde (results not cached already)...!
Compute kde (results not cached already)...!
Compute kde (results not cached already)...!
Compute kde (results not cached already)...!
Compute kde (results not cached already)...!
Compute kde (results not cached already)...!
Compute kde (results not cached already)...!
Compute kde (results not cached already)...!
Compute kde (results not cached already)...!
Compute kde (results not cached already)...!
Compute kde (results not cached already)...!
Compute kde (results not cached already)...!
Compute kde (results not cached already)...!
Compute kde (results not cached already)...!
Compute kde (results not cached already)...!
Compute kde (results not cached already)...!
Compute kde (results not cached already)...!
Compute kde (results not cached already)...!
Compute kde (results not cached already)...!
Compute kde (results not cached already)...!
Compute kde (results not cached already)...!
Compute kde (results not cached already)...!
Compute kde (results not cached already)...!
Compute kde (results not cached already)...!
Compute kde (results not cached already)...!
Compute kde (results not cached already)...!
Compute kde (results not cached already)...!
Compute kde (results not cached already)...!
Compute kde (results not cached already)...!
Compute kde (results not cached already)...!
Compute kde (results not cached already)...!
Compute kde (results not cached already)...!
Compute kde (results not cached already)...!
Compute kde (results not cached already)...!
Compute kde (results not cached already)...!
Compute kde (results not cached already)...!
Compute kde (results not cached already)...!
Compute kde (results not cached already)...!
Compute kde (results not cached already)...!
Compute kde (results not cached already)...!
Compute kde (results not cached already)...!
Compute kde (results not cached already)...!
Computing results for session-191121.0
	 - Layer=11
Compute kde (results not cached already)...!
Creating new dataset object for session-191121...
Compute kde (results not cached already)...!
Compute kde (results not cached already)...!
Compute kde (results not cached already)...!
Compute kde (results not cached already)...!
Compute kde (results not cached already)...!
Compute kde (results not cached already)...!
Compute kde (results not cached already)...!
Compute kde (results not cached already)...!
Compute kde (results not cached already)...!
Compute kde (results not cached already)...!
Compute kde (results not cached already)...!
Compute kde (results not cached already)...!
Compute kde (results not cached already)...!
Compute kde (results not cached already)...!
Compute kde (results not cached already)...!
Compute kde (results not cached already)...!
Compute kde (results not cached already)...!
Compute kde (results not cached already)...!
Compute kde (results not cached already)...!
Compute kde (results not cached already)...!
Compute kde (results not cached already)...!
Compute kde (results not cached already)...!
Compute kde (results not cached already)...!
Compute kde (results not cached already)...!
Compute kde (results not cached already)...!
Compute kde (results not cached already)...!
Compute kde (results not cached already)...!
Compute kde (results not cached already)...!
Compute kde (results not cached already)...!
Compute kde (results not cached already)...!
Compute kde (results not cached already)...!
Compute kde (results not cached already)...!
Compute kde (results not cached already)...!
Compute kde (results not cached already)...!
Compute kde (results not cached already)...!
Compute kde (results not cached already)...!
Compute kde (results not cached already)...!
Compute kde (results not cached already)...!
Compute kde (results not cached already)...!
Compute kde (results not cached already)...!
Compute kde (results not cached already)...!
Compute kde (results not cached already)...!
Compute kde (results not cached already)...!
Compute kde (results not cached already)...!
Compute kde (results not cached already)...!
Compute kde (results not cached already)...!
Compute kde (results not cached already)...!
Compute kde (results not cached already)...!
Compute kde (results not cached already)...!
Compute kde (results not cached already)...!
Compute kde (results not cached already)...!
Compute kde (results not cached already)...!
Compute kde (results not cached already)...!
Compute kde (results not cached already)...!
Compute kde (results not cached already)...!
Compute kde (results not cached already)...!
Compute kde (results not cached already)...!
Compute kde (results not cached already)...!
Compute kde (results not cached already)...!
Compute kde (results not cached already)...!
Compute kde (results not cached already)...!
Computing results for session-191210.0
	 - Layer=11
Compute kde (results not cached already)...!
Creating new dataset object for session-191210...
Compute kde (results not cached already)...!
Compute kde (results not cached already)...!
Compute kde (results not cached already)...!
Compute kde (results not cached already)...!
Compute kde (results not cached already)...!
Compute kde (results not cached already)...!
Compute kde (results not cached already)...!
Compute kde (results not cached already)...!
Compute kde (results not cached already)...!
Compute kde (results not cached already)...!
Compute kde (results not cached already)...!
Compute kde (results not cached already)...!
Compute kde (results not cached already)...!
Compute kde (results not cached already)...!
Compute kde (results not cached already)...!
Compute kde (results not cached already)...!
Compute kde (results not cached already)...!
Compute kde (results not cached already)...!
Compute kde (results not cached already)...!
Compute kde (results not cached already)...!
Compute kde (results not cached already)...!
Compute kde (results not cached already)...!
Compute kde (results not cached already)...!
Compute kde (results not cached already)...!
Compute kde (results not cached already)...!
Compute kde (results not cached already)...!
Compute kde (results not cached already)...!
Compute kde (results not cached already)...!
Compute kde (results not cached already)...!
Compute kde (results not cached already)...!
Compute kde (results not cached already)...!
Compute kde (results not cached already)...!
Compute kde (results not cached already)...!
Compute kde (results not cached already)...!
Compute kde (results not cached already)...!
Compute kde (results not cached already)...!
Compute kde (results not cached already)...!
Compute kde (results not cached already)...!
Compute kde (results not cached already)...!
Compute kde (results not cached already)...!
Compute kde (results not cached already)...!
Compute kde (results not cached already)...!
Compute kde (results not cached already)...!
Compute kde (results not cached already)...!
Compute kde (results not cached already)...!
Compute kde (results not cached already)...!
Compute kde (results not cached already)...!
Compute kde (results not cached already)...!
Compute kde (results not cached already)...!
Compute kde (results not cached already)...!
Compute kde (results not cached already)...!
Compute kde (results not cached already)...!
Compute kde (results not cached already)...!
Compute kde (results not cached already)...!
Compute kde (results not cached already)...!
Compute kde (results not cached already)...!
Compute kde (results not cached already)...!
Compute kde (results not cached already)...!
Compute kde (results not cached already)...!
Computing results for session-180627.0
	 - Layer=11
Compute kde (results not cached already)...!
Creating new dataset object for session-180627...
Compute kde (results not cached already)...!
Compute kde (results not cached already)...!
Compute kde (results not cached already)...!
Compute kde (results not cached already)...!
Compute kde (results not cached already)...!
Compute kde (results not cached already)...!
Compute kde (results not cached already)...!
Compute kde (results not cached already)...!
Compute kde (results not cached already)...!
Compute kde (results not cached already)...!
Compute kde (results not cached already)...!
Compute kde (results not cached already)...!
Compute kde (results not cached already)...!
Compute kde (results not cached already)...!
Computing results for session-200213.0
	 - Layer=11
Compute kde (results not cached already)...!
Creating new dataset object for session-200213...
Compute kde (results not cached already)...!
Compute kde (results not cached already)...!
Compute kde (results not cached already)...!
Compute kde (results not cached already)...!
Compute kde (results not cached already)...!
Compute kde (results not cached already)...!
Compute kde (results not cached already)...!
Compute kde (results not cached already)...!
Compute kde (results not cached already)...!
Compute kde (results not cached already)...!
Compute kde (results not cached already)...!
Compute kde (results not cached already)...!
Compute kde (results not cached already)...!
Compute kde (results not cached already)...!
Compute kde (results not cached already)...!
Compute kde (results not cached already)...!
Compute kde (results not cached already)...!
Compute kde (results not cached already)...!
Compute kde (results not cached already)...!
Compute kde (results not cached already)...!
Compute kde (results not cached already)...!
Compute kde (results not cached already)...!
Compute kde (results not cached already)...!
Compute kde (results not cached already)...!
Compute kde (results not cached already)...!
Compute kde (results not cached already)...!
Compute kde (results not cached already)...!
Compute kde (results not cached already)...!
Compute kde (results not cached already)...!
Compute kde (results not cached already)...!
Compute kde (results not cached already)...!
Compute kde (results not cached already)...!
Compute kde (results not cached already)...!
Compute kde (results not cached already)...!
Compute kde (results not cached already)...!
Compute kde (results not cached already)...!
Compute kde (results not cached already)...!
Compute kde (results not cached already)...!
Compute kde (results not cached already)...!
Compute kde (results not cached already)...!
Compute kde (results not cached already)...!
Compute kde (results not cached already)...!
Compute kde (results not cached already)...!
Compute kde (results not cached already)...!
Compute kde (results not cached already)...!
Compute kde (results not cached already)...!
Compute kde (results not cached already)...!
Compute kde (results not cached already)...!
Compute kde (results not cached already)...!
Compute kde (results not cached already)...!
Compute kde (results not cached already)...!
Compute kde (results not cached already)...!
Compute kde (results not cached already)...!
Compute kde (results not cached already)...!
Compute kde (results not cached already)...!
Compute kde (results not cached already)...!
Compute kde (results not cached already)...!
Compute kde (results not cached already)...!
Compute kde (results not cached already)...!
Compute kde (results not cached already)...!
Compute kde (results not cached already)...!
Compute kde (results not cached already)...!
Computing results for session-200206.0
	 - Layer=11
Compute kde (results not cached already)...!
Creating new dataset object for session-200206...
Compute kde (results not cached already)...!
Compute kde (results not cached already)...!
Compute kde (results not cached already)...!
Compute kde (results not cached already)...!
Compute kde (results not cached already)...!
Compute kde (results not cached already)...!
Compute kde (results not cached already)...!
Compute kde (results not cached already)...!
Compute kde (results not cached already)...!
Compute kde (results not cached already)...!
Compute kde (results not cached already)...!
Compute kde (results not cached already)...!
Compute kde (results not cached already)...!
Compute kde (results not cached already)...!
Compute kde (results not cached already)...!
Compute kde (results not cached already)...!
Compute kde (results not cached already)...!
Compute kde (results not cached already)...!
Compute kde (results not cached already)...!
Compute kde (results not cached already)...!
Compute kde (results not cached already)...!
Compute kde (results not cached already)...!
Compute kde (results not cached already)...!
Compute kde (results not cached already)...!
Compute kde (results not cached already)...!
Compute kde (results not cached already)...!
Compute kde (results not cached already)...!
Compute kde (results not cached already)...!
Compute kde (results not cached already)...!
Compute kde (results not cached already)...!
Compute kde (results not cached already)...!
Compute kde (results not cached already)...!
Compute kde (results not cached already)...!
Compute kde (results not cached already)...!
Compute kde (results not cached already)...!
Compute kde (results not cached already)...!
Compute kde (results not cached already)...!
Compute kde (results not cached already)...!
Compute kde (results not cached already)...!
Compute kde (results not cached already)...!
Compute kde (results not cached already)...!
Compute kde (results not cached already)...!
Compute kde (results not cached already)...!
Compute kde (results not cached already)...!
Compute kde (results not cached already)...!
Compute kde (results not cached already)...!
Compute kde (results not cached already)...!
Compute kde (results not cached already)...!
Compute kde (results not cached already)...!
Compute kde (results not cached already)...!
Compute kde (results not cached already)...!
Compute kde (results not cached already)...!
Compute kde (results not cached already)...!
Compute kde (results not cached already)...!
Compute kde (results not cached already)...!
Compute kde (results not cached already)...!
Compute kde (results not cached already)...!
Compute kde (results not cached already)...!
Compute kde (results not cached already)...!
Compute kde (results not cached already)...!
Compute kde (results not cached already)...!
Compute kde (results not cached already)...!
Computing results for session-180728.0
	 - Layer=11
Compute kde (results not cached already)...!
Creating new dataset object for session-180728...
Compute kde (results not cached already)...!
Compute kde (results not cached already)...!
Compute kde (results not cached already)...!
Compute kde (results not cached already)...!
Compute kde (results not cached already)...!
Compute kde (results not cached already)...!
Compute kde (results not cached already)...!
Compute kde (results not cached already)...!
Compute kde (results not cached already)...!
Compute kde (results not cached already)...!
Compute kde (results not cached already)...!
Compute kde (results not cached already)...!
Compute kde (results not cached already)...!
Compute kde (results not cached already)...!
Computing results for session-200313.0
	 - Layer=11
Compute kde (results not cached already)...!
Creating new dataset object for session-200313...
Compute kde (results not cached already)...!
Compute kde (results not cached already)...!
Compute kde (results not cached already)...!
Compute kde (results not cached already)...!
Compute kde (results not cached already)...!
Compute kde (results not cached already)...!
Compute kde (results not cached already)...!
Compute kde (results not cached already)...!
Compute kde (results not cached already)...!
Compute kde (results not cached already)...!
Compute kde (results not cached already)...!
Compute kde (results not cached already)...!
Compute kde (results not cached already)...!
Compute kde (results not cached already)...!
Compute kde (results not cached already)...!
Compute kde (results not cached already)...!
Compute kde (results not cached already)...!
Compute kde (results not cached already)...!
Compute kde (results not cached already)...!
Compute kde (results not cached already)...!
Compute kde (results not cached already)...!
Compute kde (results not cached already)...!
Compute kde (results not cached already)...!
Compute kde (results not cached already)...!
Compute kde (results not cached already)...!
Compute kde (results not cached already)...!
Compute kde (results not cached already)...!
Compute kde (results not cached already)...!
Compute kde (results not cached already)...!
Compute kde (results not cached already)...!
Compute kde (results not cached already)...!
Compute kde (results not cached already)...!
Compute kde (results not cached already)...!
Compute kde (results not cached already)...!
Compute kde (results not cached already)...!
Compute kde (results not cached already)...!
Compute kde (results not cached already)...!
Compute kde (results not cached already)...!
Compute kde (results not cached already)...!
Compute kde (results not cached already)...!
Compute kde (results not cached already)...!
Compute kde (results not cached already)...!
Compute kde (results not cached already)...!
Compute kde (results not cached already)...!
Compute kde (results not cached already)...!
Compute kde (results not cached already)...!
Compute kde (results not cached already)...!
Compute kde (results not cached already)...!
Compute kde (results not cached already)...!
Compute kde (results not cached already)...!
Compute kde (results not cached already)...!
Compute kde (results not cached already)...!
Compute kde (results not cached already)...!
Compute kde (results not cached already)...!
Compute kde (results not cached already)...!
Compute kde (results not cached already)...!
Compute kde (results not cached already)...!
Compute kde (results not cached already)...!
Compute kde (results not cached already)...!
Compute kde (results not cached already)...!
Compute kde (results not cached already)...!
Computing results for session-191115.0
	 - Layer=11
Compute kde (results not cached already)...!
Creating new dataset object for session-191115...
Compute kde (results not cached already)...!
Compute kde (results not cached already)...!
Compute kde (results not cached already)...!
Compute kde (results not cached already)...!
Compute kde (results not cached already)...!
Compute kde (results not cached already)...!
Compute kde (results not cached already)...!
Compute kde (results not cached already)...!
Compute kde (results not cached already)...!
Compute kde (results not cached already)...!
Compute kde (results not cached already)...!
Compute kde (results not cached already)...!
Compute kde (results not cached already)...!
Compute kde (results not cached already)...!
Compute kde (results not cached already)...!
Compute kde (results not cached already)...!
Compute kde (results not cached already)...!
Compute kde (results not cached already)...!
Compute kde (results not cached already)...!
Compute kde (results not cached already)...!
Compute kde (results not cached already)...!
Compute kde (results not cached already)...!
Compute kde (results not cached already)...!
Compute kde (results not cached already)...!
Compute kde (results not cached already)...!
Compute kde (results not cached already)...!
Compute kde (results not cached already)...!
Compute kde (results not cached already)...!
Compute kde (results not cached already)...!
Compute kde (results not cached already)...!
Compute kde (results not cached already)...!
Compute kde (results not cached already)...!
Compute kde (results not cached already)...!
Compute kde (results not cached already)...!
Compute kde (results not cached already)...!
Compute kde (results not cached already)...!
Compute kde (results not cached already)...!
Compute kde (results not cached already)...!
Compute kde (results not cached already)...!
Compute kde (results not cached already)...!
Compute kde (results not cached already)...!
Compute kde (results not cached already)...!
Compute kde (results not cached already)...!
Compute kde (results not cached already)...!
Compute kde (results not cached already)...!
Compute kde (results not cached already)...!
Compute kde (results not cached already)...!
Compute kde (results not cached already)...!
Compute kde (results not cached already)...!
Compute kde (results not cached already)...!
Compute kde (results not cached already)...!
Compute kde (results not cached already)...!
Compute kde (results not cached already)...!
Compute kde (results not cached already)...!
Compute kde (results not cached already)...!
Compute kde (results not cached already)...!
Computing results for session-200205.0
	 - Layer=11
Compute kde (results not cached already)...!
Creating new dataset object for session-200205...
Compute kde (results not cached already)...!
Compute kde (results not cached already)...!
Compute kde (results not cached already)...!
Compute kde (results not cached already)...!
Compute kde (results not cached already)...!
Compute kde (results not cached already)...!
Compute kde (results not cached already)...!
Compute kde (results not cached already)...!
Compute kde (results not cached already)...!
Compute kde (results not cached already)...!
Compute kde (results not cached already)...!
Compute kde (results not cached already)...!
Compute kde (results not cached already)...!
Compute kde (results not cached already)...!
Compute kde (results not cached already)...!
Compute kde (results not cached already)...!
Compute kde (results not cached already)...!
Compute kde (results not cached already)...!
Compute kde (results not cached already)...!
Compute kde (results not cached already)...!
Compute kde (results not cached already)...!
Compute kde (results not cached already)...!
Compute kde (results not cached already)...!
Compute kde (results not cached already)...!
Compute kde (results not cached already)...!
Compute kde (results not cached already)...!
Compute kde (results not cached already)...!
Compute kde (results not cached already)...!
Compute kde (results not cached already)...!
Compute kde (results not cached already)...!
Compute kde (results not cached already)...!
Compute kde (results not cached already)...!
Compute kde (results not cached already)...!
Compute kde (results not cached already)...!
Compute kde (results not cached already)...!
Compute kde (results not cached already)...!
Compute kde (results not cached already)...!
Compute kde (results not cached already)...!
Compute kde (results not cached already)...!
Compute kde (results not cached already)...!
Compute kde (results not cached already)...!
Compute kde (results not cached already)...!
Compute kde (results not cached already)...!
Compute kde (results not cached already)...!
Compute kde (results not cached already)...!
Compute kde (results not cached already)...!
Compute kde (results not cached already)...!
Compute kde (results not cached already)...!
Compute kde (results not cached already)...!
Compute kde (results not cached already)...!
Compute kde (results not cached already)...!
Compute kde (results not cached already)...!
Compute kde (results not cached already)...!
Compute kde (results not cached already)...!
Compute kde (results not cached already)...!
Compute kde (results not cached already)...!
Compute kde (results not cached already)...!
Compute kde (results not cached already)...!
Computing results for session-180814.0
	 - Layer=11
Compute kde (results not cached already)...!
Creating new dataset object for session-180814...
Compute kde (results not cached already)...!
Compute kde (results not cached already)...!
Compute kde (results not cached already)...!
Compute kde (results not cached already)...!
Compute kde (results not cached already)...!
Compute kde (results not cached already)...!
Compute kde (results not cached already)...!
Compute kde (results not cached already)...!
Compute kde (results not cached already)...!
Compute kde (results not cached already)...!
Compute kde (results not cached already)...!
Compute kde (results not cached already)...!
Compute kde (results not cached already)...!
Compute kde (results not cached already)...!
Compute kde (results not cached already)...!
Compute kde (results not cached already)...!
Compute kde (results not cached already)...!
Compute kde (results not cached already)...!
Compute kde (results not cached already)...!
Compute kde (results not cached already)...!
Compute kde (results not cached already)...!
Compute kde (results not cached already)...!
Compute kde (results not cached already)...!
Compute kde (results not cached already)...!
Compute kde (results not cached already)...!
Compute kde (results not cached already)...!
Compute kde (results not cached already)...!
Compute kde (results not cached already)...!
Compute kde (results not cached already)...!
Compute kde (results not cached already)...!
Compute kde (results not cached already)...!
Compute kde (results not cached already)...!
Compute kde (results not cached already)...!
Compute kde (results not cached already)...!
Computing results for session-180719.0
	 - Layer=11
Compute kde (results not cached already)...!
Creating new dataset object for session-180719...
Compute kde (results not cached already)...!
Compute kde (results not cached already)...!
Compute kde (results not cached already)...!
Compute kde (results not cached already)...!
Compute kde (results not cached already)...!
Compute kde (results not cached already)...!
Compute kde (results not cached already)...!
Compute kde (results not cached already)...!
Compute kde (results not cached already)...!
Compute kde (results not cached already)...!
Compute kde (results not cached already)...!
Compute kde (results not cached already)...!
Compute kde (results not cached already)...!
Compute kde (results not cached already)...!
Computing results for session-180808.0
	 - Layer=11
Compute kde (results not cached already)...!
Creating new dataset object for session-180808...
Compute kde (results not cached already)...!
Compute kde (results not cached already)...!
Compute kde (results not cached already)...!
Compute kde (results not cached already)...!
Compute kde (results not cached already)...!
Compute kde (results not cached already)...!
Compute kde (results not cached already)...!
Compute kde (results not cached already)...!
Compute kde (results not cached already)...!
Compute kde (results not cached already)...!
Compute kde (results not cached already)...!
Compute kde (results not cached already)...!
Compute kde (results not cached already)...!
Compute kde (results not cached already)...!
Took 145.19465574026108 mins. to run..!
