gilbreth-b010.rcac.purdue.edu
0
The following modules were not unloaded:
  (Use "module --force purge" to unload all):

  1) xalt/1.1.2
loading weights from: /depot/jgmakin/data/auditory_cortex/pretrained_weights/w2l_modified/Wav2letter-epoch=024-val_loss=0.37.ckpt
Regression object...
Creating regression obj for: 'wav2letter_modified'
Reading cached results...!
Loading ANN features at bin-width: 20
Creating new dataset object for session-191113...
Creating new dataset object for session-180731...
Creating new dataset object for session-200207...
Creating new dataset object for session-180720...
Creating new dataset object for session-180807...
Creating new dataset object for session-191206...
Creating new dataset object for session-200213...
Creating new dataset object for session-200206...
Creating new dataset object for session-200313...
Done with all significant sessions and channels...
