gilbreth-b011.rcac.purdue.edu
0
The following modules were not unloaded:
  (Use "module --force purge" to unload all):

  1) xalt/1.1.2
loading weights from: /depot/jgmakin/data/auditory_cortex/pretrained_weights/w2l_modified/Wav2letter-epoch=024-val_loss=0.37.ckpt
Regression object...
Creating regression obj for: 'wav2letter_modified'
Reading cached results...!
Saving normalized kde for layer: 6
 Running for pcs: [0, 1]
Loading ANN features at bin-width: 20
Creating new dataset object for session-200206...
 Running for pcs: [0, 2]
 Running for pcs: [0, 3]
 Running for pcs: [1, 2]
 Running for pcs: [1, 3]
 Running for pcs: [2, 3]
Saving normalized kde for layer: 7
 Running for pcs: [0, 1]
 Running for pcs: [0, 2]
 Running for pcs: [0, 3]
 Running for pcs: [1, 2]
 Running for pcs: [1, 3]
 Running for pcs: [2, 3]
